<?xml version="1.0" encoding="UTF-8"?>
<!-- Generated by org.testng.reporters.JUnitReportReporter -->
<testsuite hostname="QA0079" failures="0" tests="3" name="LambdaTest.TestNGToDo" time="5.600" errors="0" timestamp="2024-12-25T23:36:10 IST" skipped="0">
  <testcase classname="LambdaTest.TestNGToDo" name="testSimple" time="2.902"/>
  <testcase classname="LambdaTest.TestNGToDo" name="testSimple" time="1.373"/>
  <testcase classname="LambdaTest.TestNGToDo" name="testSimple" time="1.325"/>
</testsuite> <!-- LambdaTest.TestNGToDo -->
